<?xml version="1.0" encoding="UTF-8"?>
<testng-results skipped="0" failed="0" total="1" passed="1">
  <reporter-output>
  </reporter-output>
  <suite name="Suite" duration-ms="24671" started-at="2022-04-15T07:20:52Z" finished-at="2022-04-15T07:21:16Z">
    <groups>
      <group name="Regression">
        <method signature="MainTestClass.AmazonSignIn(java.lang.String, java.lang.String)[pri:0, instance:MainLibrary.MainTestClass@78a2da20]" name="AmazonSignIn" class="MainLibrary.MainTestClass"/>
      </group> <!-- Regression -->
    </groups>
    <test name="Test" duration-ms="24671" started-at="2022-04-15T07:20:52Z" finished-at="2022-04-15T07:21:16Z">
      <class name="MainLibrary.MainTestClass">
        <test-method status="PASS" signature="readData()[pri:0, instance:MainLibrary.MainTestClass@78a2da20]" name="readData" is-config="true" duration-ms="202" started-at="2022-04-15T12:50:51Z" finished-at="2022-04-15T12:50:52Z">
          <reporter-output>
          </reporter-output>
        </test-method> <!-- readData -->
        <test-method status="PASS" signature="driverSetup(java.lang.String)[pri:0, instance:MainLibrary.MainTestClass@78a2da20]" name="driverSetup" is-config="true" duration-ms="10923" started-at="2022-04-15T12:50:53Z" finished-at="2022-04-15T12:51:04Z">
          <params>
            <param index="0">
              <value>
                <![CDATA[Chrome]]>
              </value>
            </param>
          </params>
          <reporter-output>
          </reporter-output>
        </test-method> <!-- driverSetup -->
        <test-method status="PASS" signature="AmazonSignIn(java.lang.String, java.lang.String)[pri:0, instance:MainLibrary.MainTestClass@78a2da20]" name="AmazonSignIn" duration-ms="9986" started-at="2022-04-15T12:51:04Z" data-provider="testData" finished-at="2022-04-15T12:51:14Z">
          <params>
            <param index="0">
              <value>
                <![CDATA[9790792668]]>
              </value>
            </param>
            <param index="1">
              <value>
                <![CDATA[Amazon@123]]>
              </value>
            </param>
          </params>
          <reporter-output>
          </reporter-output>
        </test-method> <!-- AmazonSignIn -->
        <test-method status="PASS" signature="closeBrowser(org.testng.ITestResult)[pri:0, instance:MainLibrary.MainTestClass@78a2da20]" name="closeBrowser" is-config="true" duration-ms="2751" started-at="2022-04-15T12:51:14Z" finished-at="2022-04-15T12:51:16Z">
          <params>
            <param index="0">
              <value>
                <![CDATA[[TestResult name=AmazonSignIn status=SUCCESS method=MainTestClass.AmazonSignIn(java.lang.String, java.lang.String)[pri:0, instance:MainLibrary.MainTestClass@78a2da20] output={null}]]]>
              </value>
            </param>
          </params>
          <reporter-output>
          </reporter-output>
        </test-method> <!-- closeBrowser -->
      </class> <!-- MainLibrary.MainTestClass -->
    </test> <!-- Test -->
  </suite> <!-- Suite -->
</testng-results>
