<?xml version="1.0" encoding="UTF-8"?>
<testng-results ignored="2" total="4" passed="2" failed="0" skipped="0">
  <reporter-output>
  </reporter-output>
  <suite started-at="2022-04-11T18:20:38 IST" name="Suite" finished-at="2022-04-11T18:21:01 IST" duration-ms="23135">
    <groups>
      <group name="Regression">
        <method signature="MainTestClass.AmazonSignIn(java.lang.String,java.lang.String)[pri:0, instance:MainLibrary.MainTestClass@1e04fa0a]" name="AmazonSignIn" class="MainLibrary.MainTestClass"/>
        <method signature="MainTestClass.demo()[pri:0, instance:MainLibrary.MainTestClass@1e04fa0a]" name="demo" class="MainLibrary.MainTestClass"/>
      </group> <!-- Regression -->
    </groups>
    <test started-at="2022-04-11T18:20:38 IST" name="Test" finished-at="2022-04-11T18:21:01 IST" duration-ms="23135">
      <class name="MainLibrary.MainTestClass">
        <test-method is-config="true" signature="readData()[pri:0, instance:MainLibrary.MainTestClass@1e04fa0a]" started-at="2022-04-11T18:20:37 IST" name="readData" finished-at="2022-04-11T18:20:38 IST" duration-ms="225" status="PASS">
          <reporter-output>
          </reporter-output>
        </test-method> <!-- readData -->
        <test-method is-config="true" signature="driverSetup(java.lang.String)[pri:0, instance:MainLibrary.MainTestClass@1e04fa0a]" started-at="2022-04-11T18:20:38 IST" name="driverSetup" finished-at="2022-04-11T18:20:44 IST" duration-ms="6046" status="PASS">
          <params>
            <param index="0">
              <value>
                <![CDATA[Chrome]]>
              </value>
            </param>
          </params>
          <reporter-output>
          </reporter-output>
        </test-method> <!-- driverSetup -->
        <test-method signature="AmazonSignIn(java.lang.String,java.lang.String)[pri:0, instance:MainLibrary.MainTestClass@1e04fa0a]" started-at="2022-04-11T18:20:44 IST" name="AmazonSignIn" data-provider="testData" finished-at="2022-04-11T18:20:56 IST" duration-ms="11760" status="PASS">
          <params>
            <param index="0">
              <value>
                <![CDATA[9790792668]]>
              </value>
            </param>
            <param index="1">
              <value>
                <![CDATA[Amazon@123]]>
              </value>
            </param>
          </params>
          <reporter-output>
          </reporter-output>
        </test-method> <!-- AmazonSignIn -->
        <test-method is-config="true" signature="closeBrowser(org.testng.ITestResult)[pri:0, instance:MainLibrary.MainTestClass@1e04fa0a]" started-at="2022-04-11T18:20:56 IST" name="closeBrowser" finished-at="2022-04-11T18:20:57 IST" duration-ms="568" status="PASS">
          <params>
            <param index="0">
              <value>
                <![CDATA[[TestResult name=AmazonSignIn status=SUCCESS method=MainTestClass.AmazonSignIn(java.lang.String,java.lang.String)[pri:0, instance:MainLibrary.MainTestClass@1e04fa0a] output={null}]]]>
              </value>
            </param>
          </params>
          <reporter-output>
          </reporter-output>
        </test-method> <!-- closeBrowser -->
        <test-method is-config="true" signature="driverSetup(java.lang.String)[pri:0, instance:MainLibrary.MainTestClass@1e04fa0a]" started-at="2022-04-11T18:20:57 IST" name="driverSetup" finished-at="2022-04-11T18:21:01 IST" duration-ms="4044" status="PASS">
          <params>
            <param index="0">
              <value>
                <![CDATA[Chrome]]>
              </value>
            </param>
          </params>
          <reporter-output>
          </reporter-output>
        </test-method> <!-- driverSetup -->
        <test-method signature="demo()[pri:0, instance:MainLibrary.MainTestClass@1e04fa0a]" started-at="2022-04-11T18:21:01 IST" name="demo" finished-at="2022-04-11T18:21:01 IST" duration-ms="2" status="PASS">
          <reporter-output>
          </reporter-output>
        </test-method> <!-- demo -->
        <test-method is-config="true" signature="closeBrowser(org.testng.ITestResult)[pri:0, instance:MainLibrary.MainTestClass@1e04fa0a]" started-at="2022-04-11T18:21:01 IST" name="closeBrowser" finished-at="2022-04-11T18:21:01 IST" duration-ms="183" status="PASS">
          <params>
            <param index="0">
              <value>
                <![CDATA[[TestResult name=demo status=SUCCESS method=MainTestClass.demo()[pri:0, instance:MainLibrary.MainTestClass@1e04fa0a] output={null}]]]>
              </value>
            </param>
          </params>
          <reporter-output>
          </reporter-output>
        </test-method> <!-- closeBrowser -->
      </class> <!-- MainLibrary.MainTestClass -->
    </test> <!-- Test -->
  </suite> <!-- Suite -->
</testng-results>
