<?xml version="1.0" encoding="UTF-8"?>
<!-- Generated by org.testng.reporters.JUnitXMLReporter -->
<testsuite ignored="2" hostname="Admins-MacBook-Pro.local" failures="0" tests="2" name="Test" time="23.135" errors="0" timestamp="2022-04-11T18:21:01 IST">
  <testcase classname="MainLibrary.MainTestClass" name="AmazonSignIn" time="11.76"/>
  <testcase classname="MainLibrary.MainTestClass" name="demo" time="0.002"/>
  <testcase classname="MainLibrary.MainTestClass" name="dummy" time="0.0">
    <ignored/>
  </testcase> <!-- dummy -->
  <testcase classname="MainLibrary.MainTestClass" name="searchScenario" time="0.0">
    <ignored/>
  </testcase> <!-- searchScenario -->
</testsuite> <!-- Test -->
